This is pdfTeXk, Version 3.141592-1.40.3 (Web2C 7.5.6) (format=pdflatex 2015.10.22)  29 OCT 2018 17:24
entering extended mode
 %&-line parsing enabled.
**document.tex
(./document.tex
LaTeX2e <2005/12/01>
Babel <v3.8h> and hyphenation patterns for english, usenglishmax, dumylang, noh
yphenation, arabic, basque, bulgarian, coptic, welsh, czech, slovak, german, ng
erman, danish, esperanto, spanish, catalan, galician, estonian, farsi, finnish,
 french, greek, monogreek, ancientgreek, croatian, hungarian, interlingua, ibyc
us, indonesian, icelandic, italian, latin, mongolian, dutch, norsk, polish, por
tuguese, pinyin, romanian, russian, slovenian, uppersorbian, serbian, swedish, 
turkish, ukenglish, ukrainian, loaded.
\@input{preamble.aux}
\openout2 = `preamble.aux'.

(./preamble.tex (/usr/share/texmf/tex/latex/base/article.cls
Document Class: article 2005/09/16 v1.4f Standard LaTeX document class
(/usr/share/texmf/tex/latex/base/size10.clo
File: size10.clo 2005/09/16 v1.4f Standard LaTeX file (size option)
)
\c@part=\count79
\c@section=\count80
\c@subsection=\count81
\c@subsubsection=\count82
\c@paragraph=\count83
\c@subparagraph=\count84
\c@figure=\count85
\c@table=\count86
\abovecaptionskip=\skip41
\belowcaptionskip=\skip42
\bibindent=\dimen102
)
(/usr/share/texmf/tex/latex/geometry/geometry.sty
Package: geometry 2002/07/08 v3.2 Page Geometry

(/usr/share/texmf/tex/latex/graphics/keyval.sty
Package: keyval 1999/03/16 v1.13 key=value parser (DPC)
\KV@toks@=\toks14
)
\Gm@cnth=\count87
\Gm@cntv=\count88
\c@Gm@tempcnt=\count89
\Gm@bindingoffset=\dimen103
\Gm@wd@mp=\dimen104
\Gm@odd@mp=\dimen105
\Gm@even@mp=\dimen106
\Gm@dimlist=\toks15

(/usr/share/texmf/tex/xelatex/xetexconfig/geometry.cfg))
(/usr/share/texmf/tex/latex/ltxmisc/parskip.sty
Package: parskip 2001/04/09 non-zero parskip adjustments
)
(/usr/share/texmf/tex/latex/graphics/color.sty
Package: color 2005/11/14 v1.0j Standard LaTeX Color (DPC)

(/usr/share/texmf/tex/latex/config/color.cfg
File: color.cfg 2007/01/18 v1.5 color configuration of teTeX/TeXLive
)
Package color Info: Driver file: pdftex.def on input line 130.

(/usr/share/texmf/tex/latex/pdftex-def/pdftex.def
File: pdftex.def 2007/01/08 v0.04d Graphics/color for pdfTeX
\Gread@gobject=\count90
))
(/usr/share/texmf/tex/latex/graphics/graphicx.sty
Package: graphicx 1999/02/16 v1.0f Enhanced LaTeX Graphics (DPC,SPQR)

(/usr/share/texmf/tex/latex/graphics/graphics.sty
Package: graphics 2006/02/20 v1.0o Standard LaTeX Graphics (DPC,SPQR)

(/usr/share/texmf/tex/latex/graphics/trig.sty
Package: trig 1999/03/16 v1.09 sin cos tan (DPC)
)
(/usr/share/texmf/tex/latex/config/graphics.cfg
File: graphics.cfg 2007/01/18 v1.5 graphics configuration of teTeX/TeXLive
)
Package graphics Info: Driver file: pdftex.def on input line 90.
)
\Gin@req@height=\dimen107
\Gin@req@width=\dimen108
)
(/usr/share/texmf/tex/latex/listings/listings.sty
\lst@mode=\count91
\lst@gtempboxa=\box26
\lst@token=\toks16
\lst@length=\count92
\lst@currlwidth=\dimen109
\lst@column=\count93
\lst@pos=\count94
\lst@lostspace=\dimen110
\lst@width=\dimen111
\lst@newlines=\count95
\lst@lineno=\count96
\c@lstlisting=\count97
\lst@maxwidth=\dimen112

(/usr/share/texmf/tex/latex/listings/lstpatch.sty
File: lstpatch.sty 2004/10/17 1.3b (Carsten Heinz)
)
(/usr/share/texmf/tex/latex/listings/lstmisc.sty
File: lstmisc.sty 2004/09/07 1.3 (Carsten Heinz)
\c@lstnumber=\count98
\lst@skipnumbers=\count99
\lst@framebox=\box27
)
(/usr/share/texmf/tex/latex/listings/listings.cfg
File: listings.cfg 2004/09/05 1.3 listings configuration
))
Package: listings 2004/10/17 1.3b (Carsten Heinz)

(/usr/share/texmf/tex/latex/psnfss/courier.sty
Package: courier 2005/04/12 PSNFSS-v9.2a (WaS) 
)
(/usr/share/texmf/tex/latex/hyperref/hyperref.sty
Package: hyperref 2007/02/07 v6.75r Hypertext links for LaTeX
\@linkdim=\dimen113
\Hy@linkcounter=\count100
\Hy@pagecounter=\count101

(/usr/share/texmf/tex/latex/hyperref/pd1enc.def
File: pd1enc.def 2007/02/07 v6.75r Hyperref: PDFDocEncoding definition (HO)
)
(/usr/share/texmf/tex/latex/config/hyperref.cfg
File: hyperref.cfg 2002/06/06 v1.2 hyperref configuration of TeXLive
)
(/usr/share/texmf/tex/latex/oberdiek/kvoptions.sty
Package: kvoptions 2006/08/22 v2.4 Connects package keyval with LaTeX options (
HO)
)
Package hyperref Info: Hyper figures OFF on input line 2288.
Package hyperref Info: Link nesting OFF on input line 2293.
Package hyperref Info: Hyper index ON on input line 2296.
Package hyperref Info: Plain pages OFF on input line 2303.
Package hyperref Info: Backreferencing OFF on input line 2308.

Implicit mode ON; LaTeX internals redefined
Package hyperref Info: Bookmarks ON on input line 2444.
(/usr/share/texmf/tex/latex/html/url.sty
Package: url 1999/03/02  ver 1.4  Verb mode for urls, email addresses, and file
 names
)
LaTeX Info: Redefining \url on input line 2599.
\Fld@menulength=\count102
\Field@Width=\dimen114
\Fld@charsize=\dimen115
\Choice@toks=\toks17
\Field@toks=\toks18
Package hyperref Info: Hyper figures OFF on input line 3102.
Package hyperref Info: Link nesting OFF on input line 3107.
Package hyperref Info: Hyper index ON on input line 3110.
Package hyperref Info: backreferencing OFF on input line 3117.
Package hyperref Info: Link coloring OFF on input line 3122.
\Hy@abspage=\count103
\c@Item=\count104
\c@Hfootnote=\count105
)
*hyperref using default driver hpdftex*
(/usr/share/texmf/tex/latex/hyperref/hpdftex.def
File: hpdftex.def 2007/02/07 v6.75r Hyperref driver for pdfTeX
\Fld@listcount=\count106
)
(/usr/share/texmf/tex/latex/base/textcomp.sty
Package: textcomp 2005/09/27 v1.99g Standard LaTeX package
Package textcomp Info: Sub-encoding information:
(textcomp)               5 = only ISO-Adobe without \textcurrency
(textcomp)               4 = 5 + \texteuro
(textcomp)               3 = 4 + \textohm
(textcomp)               2 = 3 + \textestimated + \textcurrency
(textcomp)               1 = TS1 - \textcircled - \t
(textcomp)               0 = TS1 (full)
(textcomp)             Font families with sub-encoding setting implement
(textcomp)             only a restricted character set as indicated.
(textcomp)             Family '?' is the default used for unknown fonts.
(textcomp)             See the documentation for details.
Package textcomp Info: Setting ? sub-encoding to TS1/1 on input line 71.

(/usr/share/texmf/tex/latex/base/ts1enc.def
File: ts1enc.def 2001/06/05 v3.0e (jk/car/fm) Standard LaTeX file
)
LaTeX Info: Redefining \oldstylenums on input line 266.
Package textcomp Info: Setting cmr sub-encoding to TS1/0 on input line 281.
Package textcomp Info: Setting cmss sub-encoding to TS1/0 on input line 282.
Package textcomp Info: Setting cmtt sub-encoding to TS1/0 on input line 283.
Package textcomp Info: Setting cmvtt sub-encoding to TS1/0 on input line 284.
Package textcomp Info: Setting cmbr sub-encoding to TS1/0 on input line 285.
Package textcomp Info: Setting cmtl sub-encoding to TS1/0 on input line 286.
Package textcomp Info: Setting ccr sub-encoding to TS1/0 on input line 287.
Package textcomp Info: Setting ptm sub-encoding to TS1/4 on input line 288.
Package textcomp Info: Setting pcr sub-encoding to TS1/4 on input line 289.
Package textcomp Info: Setting phv sub-encoding to TS1/4 on input line 290.
Package textcomp Info: Setting ppl sub-encoding to TS1/3 on input line 291.
Package textcomp Info: Setting pag sub-encoding to TS1/4 on input line 292.
Package textcomp Info: Setting pbk sub-encoding to TS1/4 on input line 293.
Package textcomp Info: Setting pnc sub-encoding to TS1/4 on input line 294.
Package textcomp Info: Setting pzc sub-encoding to TS1/4 on input line 295.
Package textcomp Info: Setting bch sub-encoding to TS1/4 on input line 296.
Package textcomp Info: Setting put sub-encoding to TS1/5 on input line 297.
Package textcomp Info: Setting uag sub-encoding to TS1/5 on input line 298.
Package textcomp Info: Setting ugq sub-encoding to TS1/5 on input line 299.
Package textcomp Info: Setting ul8 sub-encoding to TS1/4 on input line 300.
Package textcomp Info: Setting ul9 sub-encoding to TS1/4 on input line 301.
Package textcomp Info: Setting augie sub-encoding to TS1/5 on input line 302.
Package textcomp Info: Setting dayrom sub-encoding to TS1/3 on input line 303.
Package textcomp Info: Setting dayroms sub-encoding to TS1/3 on input line 304.

Package textcomp Info: Setting pxr sub-encoding to TS1/0 on input line 305.
Package textcomp Info: Setting pxss sub-encoding to TS1/0 on input line 306.
Package textcomp Info: Setting pxtt sub-encoding to TS1/0 on input line 307.
Package textcomp Info: Setting txr sub-encoding to TS1/0 on input line 308.
Package textcomp Info: Setting txss sub-encoding to TS1/0 on input line 309.
Package textcomp Info: Setting txtt sub-encoding to TS1/0 on input line 310.
Package textcomp Info: Setting futs sub-encoding to TS1/4 on input line 311.
Package textcomp Info: Setting futx sub-encoding to TS1/4 on input line 312.
Package textcomp Info: Setting futj sub-encoding to TS1/4 on input line 313.
Package textcomp Info: Setting hlh sub-encoding to TS1/3 on input line 314.
Package textcomp Info: Setting hls sub-encoding to TS1/3 on input line 315.
Package textcomp Info: Setting hlst sub-encoding to TS1/3 on input line 316.
Package textcomp Info: Setting hlct sub-encoding to TS1/5 on input line 317.
Package textcomp Info: Setting hlx sub-encoding to TS1/5 on input line 318.
Package textcomp Info: Setting hlce sub-encoding to TS1/5 on input line 319.
Package textcomp Info: Setting hlcn sub-encoding to TS1/5 on input line 320.
Package textcomp Info: Setting hlcw sub-encoding to TS1/5 on input line 321.
Package textcomp Info: Setting hlcf sub-encoding to TS1/5 on input line 322.
Package textcomp Info: Setting pplx sub-encoding to TS1/3 on input line 323.
Package textcomp Info: Setting pplj sub-encoding to TS1/3 on input line 324.
Package textcomp Info: Setting ptmx sub-encoding to TS1/4 on input line 325.
Package textcomp Info: Setting ptmj sub-encoding to TS1/4 on input line 326.
)
Package hyperref Info: Option `colorlinks' set `true' on input line 20.

(/usr/share/texmf/tex/latex/fancyhdr/fancyhdr.sty
\fancy@headwidth=\skip43
\f@ncyO@elh=\skip44
\f@ncyO@erh=\skip45
\f@ncyO@olh=\skip46
\f@ncyO@orh=\skip47
\f@ncyO@elf=\skip48
\f@ncyO@erf=\skip49
\f@ncyO@olf=\skip50
\f@ncyO@orf=\skip51
)
(/usr/share/texmf/tex/latex/ltxmisc/framed.sty
Package: framed 2003/07/21 v 0.8a: framed or shaded text with page breaks
\FrameRule=\dimen116
\FrameSep=\dimen117
)) (./document.aux
(./title-page.aux) (./introduction.aux) (./style-guide.aux)
(./general-principles.aux) (./efficiency.aux) (./portable-suites.aux)
(./roadmap.aux))
\openout1 = `document.aux'.

LaTeX Font Info:    Checking defaults for OML/cmm/m/it on input line 2.
LaTeX Font Info:    ... okay on input line 2.
LaTeX Font Info:    Checking defaults for T1/cmr/m/n on input line 2.
LaTeX Font Info:    ... okay on input line 2.
LaTeX Font Info:    Checking defaults for OT1/cmr/m/n on input line 2.
LaTeX Font Info:    ... okay on input line 2.
LaTeX Font Info:    Checking defaults for OMS/cmsy/m/n on input line 2.
LaTeX Font Info:    ... okay on input line 2.
LaTeX Font Info:    Checking defaults for OMX/cmex/m/n on input line 2.
LaTeX Font Info:    ... okay on input line 2.
LaTeX Font Info:    Checking defaults for U/cmr/m/n on input line 2.
LaTeX Font Info:    ... okay on input line 2.
LaTeX Font Info:    Checking defaults for PD1/pdf/m/n on input line 2.
LaTeX Font Info:    ... okay on input line 2.
LaTeX Font Info:    Checking defaults for TS1/cmr/m/n on input line 2.
LaTeX Font Info:    Try loading font information for TS1+cmr on input line 2.
 (/usr/share/texmf/tex/latex/base/ts1cmr.fd
File: ts1cmr.fd 1999/05/25 v2.5h Standard LaTeX font definitions
)
LaTeX Font Info:    ... okay on input line 2.
-------------------- Geometry parameters
paper: class default
landscape: --
twocolumn: --
twoside: --
asymmetric: --
h-parts: 85.35826pt, 443.57848pt, 85.35826pt
v-parts: 85.35826pt, 624.25346pt, 85.35826pt
hmarginratio: --
vmarginratio: --
lines: --
heightrounded: --
bindingoffset: 0.0pt
truedimen: --
includehead: --
includefoot: --
includemp: --
driver: pdftex
-------------------- Page layout dimensions and switches
\paperwidth  614.295pt
\paperheight 794.96999pt
\textwidth  443.57848pt
\textheight 624.25346pt
\oddsidemargin  13.08827pt
\evensidemargin 13.08827pt
\topmargin  -40.36447pt
\headheight 28.45274pt
\headsep    25.0pt
\footskip   30.0pt
\marginparwidth 65.0pt
\marginparsep   11.0pt
\columnsep  10.0pt
\skip\footins  9.0pt plus 4.0pt minus 2.0pt
\hoffset 0.0pt
\voffset 0.0pt
\mag 1000

(1in=72.27pt, 1cm=28.45pt)
-----------------------

(/usr/share/texmf/tex/context/base/supp-pdf.tex
[Loading MPS to PDF converter (version 2006.09.02).]
\scratchcounter=\count107
\scratchdimen=\dimen118
\scratchbox=\box28
\nofMPsegments=\count108
\nofMParguments=\count109
\MPscratchCnt=\count110
\MPscratchDim=\dimen119
\MPnumerator=\count111
\everyMPtoPDFconversion=\toks19
)
Package hyperref Info: Link coloring ON on input line 2.
 (/usr/share/texmf/tex/latex/hyperref/nameref.sty
Package: nameref 2006/12/27 v2.28 Cross-referencing by name of section

(/usr/share/texmf/tex/latex/oberdiek/refcount.sty
Package: refcount 2006/02/20 v3.0 Data extraction from references (HO)
)
\c@section@level=\count112
)
LaTeX Info: Redefining \ref on input line 2.
LaTeX Info: Redefining \pageref on input line 2.
 (./document.out)
(./document.out)
\@outlinefile=\write3
\openout3 = `document.out'.

\openout2 = `title-page.aux'.

 (./title-page.tex
<resources/png/rose-logo.png, id=315, 157.53236pt x 61.71371pt>
File: resources/png/rose-logo.png Graphic file (type png)

<use resources/png/rose-logo.png>
<resources/tex/cylc-logo.pdf, id=316, 244.69366pt x 82.51299pt>
File: resources/tex/cylc-logo.pdf Graphic file (type pdf)

<use resources/tex/cylc-logo.pdf> [1




{/var/lib/texmf/fonts/map/pdftex/updmap/pdftex.map} <./resources/png/rose-logo.
png (PNG copy)> <./resources/tex/cylc-logo.pdf>]) (./document.toc
LaTeX Font Info:    External font `cmex10' loaded for size
(Font)              <7> on input line 3.
LaTeX Font Info:    External font `cmex10' loaded for size
(Font)              <5> on input line 3.
pdfTeX warning (ext4): destination with the same identifier (name{page.1}) has 
been already used, duplicate ignored
<to be read again> 
                   \relax 
l.50 ...overy Workflows}{18}{subsubsection.3.18.3}
                                                  
File: resources/png/rose-logo.png Graphic file (type png)

<use resources/png/rose-logo.png>
File: resources/tex/cylc-logo.pdf Graphic file (type pdf)
 <use resources/tex/cylc-logo.pdf>

Package Fancyhdr Warning: \headheight is too small (28.45274pt): 
 Make it at least 29.66463pt.
 We now make it that large for the rest of the document.
 This may cause the page layout to be inconsistent, however.

[1

])
\tf@toc=\write4
\openout4 = `document.toc'.

File: resources/png/rose-logo.png Graphic file (type png)
 <use resources/png/rose-logo.png>
File: resources/tex/cylc-logo.pdf Graphic file (type pdf)
 <use resources/tex/cylc-logo.pdf>
[2]
\openout2 = `introduction.aux'.

 (./introduction.tex

LaTeX Font Warning: Font shape `OT1/cmss/m/it' in size <10> not available
(Font)              Font shape `OT1/cmss/m/sl' tried instead on input line 17.

LaTeX Font Info:    Try loading font information for TS1+cmss on input line 20.

(/usr/share/texmf/tex/latex/base/ts1cmss.fd
File: ts1cmss.fd 1999/05/25 v2.5h Standard LaTeX font definitions
))
File: resources/png/rose-logo.png Graphic file (type png)

<use resources/png/rose-logo.png>
File: resources/tex/cylc-logo.pdf Graphic file (type pdf)
 <use resources/tex/cylc-logo.pdf> [3

]
\openout2 = `style-guide.aux'.


(./style-guide.tex
LaTeX Font Info:    Try loading font information for OT1+pcr on input line 12.
 (/usr/share/texmf/tex/latex/psnfss/ot1pcr.fd
File: ot1pcr.fd 2001/06/04 font definitions for OT1/pcr.
)
LaTeX Font Info:    Font shape `OT1/pcr/bx/n' in size <8> not available
(Font)              Font shape `OT1/pcr/b/n' tried instead on input line 12.

(/usr/share/texmf/tex/latex/listings/lstlang1.sty
File: lstlang1.sty 2004/09/05 1.3 listings language file
)
LaTeX Font Info:    Try loading font information for TS1+pcr on input line 33.

(/usr/share/texmf/tex/latex/psnfss/ts1pcr.fd
File: ts1pcr.fd 2001/06/04 font definitions for TS1/pcr.
)
LaTeX Font Info:    Font shape `TS1/pcr/bx/n' in size <8> not available
(Font)              Font shape `TS1/pcr/b/n' tried instead on input line 33.
File: resources/png/rose-logo.png Graphic file (type png)

<use resources/png/rose-logo.png>
File: resources/tex/cylc-logo.pdf Graphic file (type pdf)
 <use resources/tex/cylc-logo.pdf> [4


]
File: resources/png/rose-logo.png Graphic file (type png)

<use resources/png/rose-logo.png>
File: resources/tex/cylc-logo.pdf Graphic file (type pdf)
 <use resources/tex/cylc-logo.pdf> [5]
File: resources/png/rose-logo.png Graphic file (type png)

<use resources/png/rose-logo.png>
File: resources/tex/cylc-logo.pdf Graphic file (type pdf)
 <use resources/tex/cylc-logo.pdf> [6])
File: resources/png/rose-logo.png Graphic file (type png)

<use resources/png/rose-logo.png>
File: resources/tex/cylc-logo.pdf Graphic file (type pdf)
 <use resources/tex/cylc-logo.pdf> [7]
File: resources/png/rose-logo.png Graphic file (type png)

<use resources/png/rose-logo.png>
File: resources/tex/cylc-logo.pdf Graphic file (type pdf)
 <use resources/tex/cylc-logo.pdf> [8]
\openout2 = `general-principles.aux'.


(./general-principles.tex
File: resources/png/rose-logo.png Graphic file (type png)
 <use resources/png/rose-logo.png>
File: resources/tex/cylc-logo.pdf Graphic file (type pdf)

<use resources/tex/cylc-logo.pdf> [9


]
File: resources/png/rose-logo.png Graphic file (type png)
 <use resources/png/rose-logo.png>
File: resources/tex/cylc-logo.pdf Graphic file (type pdf)

<use resources/tex/cylc-logo.pdf> [10]
File: resources/png/rose-logo.png Graphic file (type png)
 <use resources/png/rose-logo.png>
File: resources/tex/cylc-logo.pdf Graphic file (type pdf)

<use resources/tex/cylc-logo.pdf> [11]
File: resources/png/rose-logo.png Graphic file (type png)
 <use resources/png/rose-logo.png>
File: resources/tex/cylc-logo.pdf Graphic file (type pdf)

<use resources/tex/cylc-logo.pdf> [12]
File: resources/png/rose-logo.png Graphic file (type png)
 <use resources/png/rose-logo.png>
File: resources/tex/cylc-logo.pdf Graphic file (type pdf)

<use resources/tex/cylc-logo.pdf> [13]
File: resources/png/rose-logo.png Graphic file (type png)
 <use resources/png/rose-logo.png>
File: resources/tex/cylc-logo.pdf Graphic file (type pdf)

<use resources/tex/cylc-logo.pdf> [14]
File: resources/png/rose-logo.png Graphic file (type png)
 <use resources/png/rose-logo.png>
File: resources/tex/cylc-logo.pdf Graphic file (type pdf)

<use resources/tex/cylc-logo.pdf> [15]
File: resources/png/rose-logo.png Graphic file (type png)
 <use resources/png/rose-logo.png>
File: resources/tex/cylc-logo.pdf Graphic file (type pdf)

<use resources/tex/cylc-logo.pdf> [16]
File: resources/png/rose-logo.png Graphic file (type png)
 <use resources/png/rose-logo.png>
File: resources/tex/cylc-logo.pdf Graphic file (type pdf)

<use resources/tex/cylc-logo.pdf> [17]
<resources/png/failure-recovery.png, id=768, 156.585pt x 389.455pt>
File: resources/png/failure-recovery.png Graphic file (type png)

<use resources/png/failure-recovery.png>)
File: resources/png/rose-logo.png Graphic file (type png)
 <use resources/png/rose-logo.png>
File: resources/tex/cylc-logo.pdf Graphic file (type pdf)

<use resources/tex/cylc-logo.pdf> [18 <./resources/png/failure-recovery.png (PN
G copy)>]
\openout2 = `efficiency.aux'.

 (./efficiency.tex
File: resources/png/rose-logo.png Graphic file (type png)
 <use resources/png/rose-logo.png>
File: resources/tex/cylc-logo.pdf Graphic file (type pdf)

<use resources/tex/cylc-logo.pdf> [19


]
<resources/png/fam-to-fam-1.png, id=821, 1176.395pt x 233.87375pt>
File: resources/png/fam-to-fam-1.png Graphic file (type png)

<use resources/png/fam-to-fam-1.png>
<resources/png/fam-to-fam-2.png, id=822, 1176.395pt x 354.32375pt>
File: resources/png/fam-to-fam-2.png Graphic file (type png)

<use resources/png/fam-to-fam-2.png>
File: resources/png/rose-logo.png Graphic file (type png)
 <use resources/png/rose-logo.png>
File: resources/tex/cylc-logo.pdf Graphic file (type pdf)

<use resources/tex/cylc-logo.pdf> [20]
File: resources/png/rose-logo.png Graphic file (type png)
 <use resources/png/rose-logo.png>
File: resources/tex/cylc-logo.pdf Graphic file (type pdf)

<use resources/tex/cylc-logo.pdf> [21 <./resources/png/fam-to-fam-1.png (PNG co
py)> <./resources/png/fam-to-fam-2.png (PNG copy)>]
<resources/png/param-1.png, id=871, 1699.34875pt x 354.32375pt>
File: resources/png/param-1.png Graphic file (type png)

<use resources/png/param-1.png>
File: resources/png/rose-logo.png Graphic file (type png)
 <use resources/png/rose-logo.png>
File: resources/tex/cylc-logo.pdf Graphic file (type pdf)

<use resources/tex/cylc-logo.pdf> [22 <./resources/png/param-1.png (PNG copy)>]
<resources/png/param-2.png, id=916, 2460.19125pt x 595.22375pt>
File: resources/png/param-2.png Graphic file (type png)

<use resources/png/param-2.png>
File: resources/png/rose-logo.png Graphic file (type png)
 <use resources/png/rose-logo.png>
File: resources/tex/cylc-logo.pdf Graphic file (type pdf)

<use resources/tex/cylc-logo.pdf> [23 <./resources/png/param-2.png>])
File: resources/png/rose-logo.png Graphic file (type png)

<use resources/png/rose-logo.png>
File: resources/tex/cylc-logo.pdf Graphic file (type pdf)
 <use resources/tex/cylc-logo.pdf> [24]
\openout2 = `portable-suites.aux'.


(./portable-suites.tex
File: resources/png/rose-logo.png Graphic file (type png)
 <use resources/png/rose-logo.png>
File: resources/tex/cylc-logo.pdf Graphic file (type pdf)

<use resources/tex/cylc-logo.pdf> [25


]
File: resources/png/rose-logo.png Graphic file (type png)
 <use resources/png/rose-logo.png>
File: resources/tex/cylc-logo.pdf Graphic file (type pdf)

<use resources/tex/cylc-logo.pdf> [26]
File: resources/png/rose-logo.png Graphic file (type png)
 <use resources/png/rose-logo.png>
File: resources/tex/cylc-logo.pdf Graphic file (type pdf)

<use resources/tex/cylc-logo.pdf> [27]
File: resources/png/rose-logo.png Graphic file (type png)
 <use resources/png/rose-logo.png>
File: resources/tex/cylc-logo.pdf Graphic file (type pdf)

<use resources/tex/cylc-logo.pdf> [28]
File: resources/png/rose-logo.png Graphic file (type png)
 <use resources/png/rose-logo.png>
File: resources/tex/cylc-logo.pdf Graphic file (type pdf)

<use resources/tex/cylc-logo.pdf> [29]
(/usr/share/texmf/tex/latex/listings/lstlang1.sty
File: lstlang1.sty 2004/09/05 1.3 listings language file
)
File: resources/png/rose-logo.png Graphic file (type png)

<use resources/png/rose-logo.png>
File: resources/tex/cylc-logo.pdf Graphic file (type pdf)
 <use resources/tex/cylc-logo.pdf> [30])
File: resources/png/rose-logo.png Graphic file (type png)

<use resources/png/rose-logo.png>
File: resources/tex/cylc-logo.pdf Graphic file (type pdf)
 <use resources/tex/cylc-logo.pdf> [31]
\openout2 = `roadmap.aux'.


(./roadmap.tex
File: resources/png/rose-logo.png Graphic file (type png)
 <use resources/png/rose-logo.png>
File: resources/tex/cylc-logo.pdf Graphic file (type pdf)

<use resources/tex/cylc-logo.pdf> [32


])
File: resources/png/rose-logo.png Graphic file (type png)
 <use resources/png/rose-logo.png>
File: resources/tex/cylc-logo.pdf Graphic file (type pdf)

<use resources/tex/cylc-logo.pdf> [33] (./document.aux (./title-page.aux)
(./introduction.aux) (./style-guide.aux) (./general-principles.aux)
(./efficiency.aux) (./portable-suites.aux) (./roadmap.aux)) ) 
Here is how much of TeX's memory you used:
 6248 strings out of 256214
 89286 string characters out of 1916999
 156130 words of memory out of 1500000
 8676 multiletter control sequences out of 10000+200000
 8074 words of font info for 29 fonts, out of 1200000 for 2000
 645 hyphenation exceptions out of 8191
 34i,16n,45p,225b,1682s stack positions out of 5000i,500n,6000p,200000b,15000s
{/usr/share/texmf/
fonts/enc/dvips/base/8r.enc} </home/h06/sbarth/.texlive2007/texmf-var/fonts/pk/
ljfour/jknappen/ec/tcss1000.600pk></usr/share/texmf/fonts/type1/bluesky/cm/cmr1
0.pfb></usr/share/texmf/fonts/type1/bluesky/cm/cmss10.pfb></usr/share/texmf/fon
ts/type1/bluesky/cm/cmss12.pfb></usr/share/texmf/fonts/type1/bluesky/cm/cmss17.
pfb></usr/share/texmf/fonts/type1/bluesky/cm/cmss9.pfb></usr/share/texmf/fonts/
type1/bluesky/cm/cmssbx10.pfb></usr/share/texmf/fonts/type1/bluesky/cm/cmssi10.
pfb></usr/share/texmf/fonts/type1/urw/courier/ucrb8a.pfb>
Output written on document.pdf (34 pages, 619127 bytes).
PDF statistics:
 1415 PDF objects out of 1440 (max. 8388607)
 747 named destinations out of 1000 (max. 131072)
 668 words of extra memory for PDF output out of 10000 (max. 10000000)

